[0.775s] Invoking command in '/home/dev/ws_build/build/omni3wd_navigation_stack': DEBUGINFOD_URLS=https://debuginfod.ubuntu.com PYTHONPATH=/home/dev/ws_build/build/omni3wd_navigation_stack/prefix_override:/usr/lib/python3/dist-packages/colcon_core/task/python/colcon_distutils_commands:/home/dev/ws_build/install/omni3wd_navigation_stack/lib/python3.12/site-packages: _=/usr/bin/env /usr/bin/python3 -W ignore:setup.py install is deprecated -W ignore:easy_install command is deprecated setup.py develop --editable --build-directory /home/dev/ws_build/build/omni3wd_navigation_stack/build --no-deps symlink_data
[0.868s] /usr/local/lib/python3.12/dist-packages/setuptools/_distutils/dist.py:270: UserWarning: Unknown distribution option: 'tests_require'
[0.868s]   warnings.warn(msg)
[0.925s] running develop
[0.990s] running egg_info
[0.996s] creating omni3wd_navigation_stack.egg-info
[0.997s] writing omni3wd_navigation_stack.egg-info/PKG-INFO
[0.997s] writing dependency_links to omni3wd_navigation_stack.egg-info/dependency_links.txt
[0.997s] writing requirements to omni3wd_navigation_stack.egg-info/requires.txt
[0.997s] writing top-level names to omni3wd_navigation_stack.egg-info/top_level.txt
[0.997s] writing manifest file 'omni3wd_navigation_stack.egg-info/SOURCES.txt'
[1.010s] reading manifest file 'omni3wd_navigation_stack.egg-info/SOURCES.txt'
[1.011s] writing manifest file 'omni3wd_navigation_stack.egg-info/SOURCES.txt'
[1.018s] running build_ext
[1.018s] Creating /home/dev/ws_build/install/omni3wd_navigation_stack/lib/python3.12/site-packages/omni3wd-navigation-stack.egg-link (link to .)
[1.019s] 
[1.019s] Installed /home/dev/ws_build/build/omni3wd_navigation_stack
[1.019s] running symlink_data
[1.019s] creating /home/dev/ws_build/install/omni3wd_navigation_stack/share/ament_index/resource_index/packages
[1.019s] symbolically linking /home/dev/ws_build/build/omni3wd_navigation_stack/resource/omni3wd_navigation_stack -> /home/dev/ws_build/install/omni3wd_navigation_stack/share/ament_index/resource_index/packages
[1.019s] symbolically linking /home/dev/ws_build/build/omni3wd_navigation_stack/package.xml -> /home/dev/ws_build/install/omni3wd_navigation_stack/share/omni3wd_navigation_stack
[1.044s] Invoked command in '/home/dev/ws_build/build/omni3wd_navigation_stack' returned '0': DEBUGINFOD_URLS=https://debuginfod.ubuntu.com PYTHONPATH=/home/dev/ws_build/build/omni3wd_navigation_stack/prefix_override:/usr/lib/python3/dist-packages/colcon_core/task/python/colcon_distutils_commands:/home/dev/ws_build/install/omni3wd_navigation_stack/lib/python3.12/site-packages: _=/usr/bin/env /usr/bin/python3 -W ignore:setup.py install is deprecated -W ignore:easy_install command is deprecated setup.py develop --editable --build-directory /home/dev/ws_build/build/omni3wd_navigation_stack/build --no-deps symlink_data
