[0.774s] Invoking command in '/home/dev/ws_build/build/omni3wd_robot_description': DEBUGINFOD_URLS=https://debuginfod.ubuntu.com PYTHONPATH=/home/dev/ws_build/build/omni3wd_robot_description/prefix_override:/usr/lib/python3/dist-packages/colcon_core/task/python/colcon_distutils_commands:/home/dev/ws_build/install/omni3wd_robot_description/lib/python3.12/site-packages: _=/usr/bin/env /usr/bin/python3 -W ignore:setup.py install is deprecated -W ignore:easy_install command is deprecated setup.py develop --editable --build-directory /home/dev/ws_build/build/omni3wd_robot_description/build --no-deps symlink_data
[0.871s] /usr/local/lib/python3.12/dist-packages/setuptools/_distutils/dist.py:270: UserWarning: Unknown distribution option: 'tests_require'
[0.871s]   warnings.warn(msg)
[0.930s] running develop
[0.995s] running egg_info
[1.001s] creating omni3wd_robot_description.egg-info
[1.001s] writing omni3wd_robot_description.egg-info/PKG-INFO
[1.002s] writing dependency_links to omni3wd_robot_description.egg-info/dependency_links.txt
[1.002s] writing requirements to omni3wd_robot_description.egg-info/requires.txt
[1.002s] writing top-level names to omni3wd_robot_description.egg-info/top_level.txt
[1.002s] writing manifest file 'omni3wd_robot_description.egg-info/SOURCES.txt'
[1.016s] reading manifest file 'omni3wd_robot_description.egg-info/SOURCES.txt'
[1.016s] writing manifest file 'omni3wd_robot_description.egg-info/SOURCES.txt'
[1.024s] running build_ext
[1.024s] Creating /home/dev/ws_build/install/omni3wd_robot_description/lib/python3.12/site-packages/omni3wd-robot-description.egg-link (link to .)
[1.024s] 
[1.024s] Installed /home/dev/ws_build/build/omni3wd_robot_description
[1.024s] running symlink_data
[1.025s] creating /home/dev/ws_build/install/omni3wd_robot_description/share/ament_index/resource_index/packages
[1.025s] symbolically linking /home/dev/ws_build/build/omni3wd_robot_description/resource/omni3wd_robot_description -> /home/dev/ws_build/install/omni3wd_robot_description/share/ament_index/resource_index/packages
[1.025s] symbolically linking /home/dev/ws_build/build/omni3wd_robot_description/package.xml -> /home/dev/ws_build/install/omni3wd_robot_description/share/omni3wd_robot_description
[1.059s] Invoked command in '/home/dev/ws_build/build/omni3wd_robot_description' returned '0': DEBUGINFOD_URLS=https://debuginfod.ubuntu.com PYTHONPATH=/home/dev/ws_build/build/omni3wd_robot_description/prefix_override:/usr/lib/python3/dist-packages/colcon_core/task/python/colcon_distutils_commands:/home/dev/ws_build/install/omni3wd_robot_description/lib/python3.12/site-packages: _=/usr/bin/env /usr/bin/python3 -W ignore:setup.py install is deprecated -W ignore:easy_install command is deprecated setup.py develop --editable --build-directory /home/dev/ws_build/build/omni3wd_robot_description/build --no-deps symlink_data
