[0.785s] Invoking command in '/home/dev/ws_build/build/omni3wd': DEBUGINFOD_URLS=https://debuginfod.ubuntu.com PYTHONPATH=/home/dev/ws_build/build/omni3wd/prefix_override:/usr/lib/python3/dist-packages/colcon_core/task/python/colcon_distutils_commands:/home/dev/ws_build/install/omni3wd/lib/python3.12/site-packages: _=/usr/bin/env /usr/bin/python3 -W ignore:setup.py install is deprecated -W ignore:easy_install command is deprecated setup.py develop --editable --build-directory /home/dev/ws_build/build/omni3wd/build --no-deps symlink_data
[0.877s] /usr/local/lib/python3.12/dist-packages/setuptools/_distutils/dist.py:270: UserWarning: Unknown distribution option: 'tests_require'
[0.877s]   warnings.warn(msg)
[0.935s] running develop
[1.000s] running egg_info
[1.007s] creating omni3wd.egg-info
[1.007s] writing omni3wd.egg-info/PKG-INFO
[1.007s] writing dependency_links to omni3wd.egg-info/dependency_links.txt
[1.007s] writing requirements to omni3wd.egg-info/requires.txt
[1.007s] writing top-level names to omni3wd.egg-info/top_level.txt
[1.007s] writing manifest file 'omni3wd.egg-info/SOURCES.txt'
[1.021s] reading manifest file 'omni3wd.egg-info/SOURCES.txt'
[1.022s] writing manifest file 'omni3wd.egg-info/SOURCES.txt'
[1.029s] running build_ext
[1.029s] Creating /home/dev/ws_build/install/omni3wd/lib/python3.12/site-packages/omni3wd.egg-link (link to .)
[1.030s] 
[1.030s] Installed /home/dev/ws_build/build/omni3wd
[1.030s] running symlink_data
[1.030s] creating /home/dev/ws_build/install/omni3wd/share/ament_index/resource_index/packages
[1.030s] symbolically linking /home/dev/ws_build/build/omni3wd/resource/omni3wd -> /home/dev/ws_build/install/omni3wd/share/ament_index/resource_index/packages
[1.031s] symbolically linking /home/dev/ws_build/build/omni3wd/package.xml -> /home/dev/ws_build/install/omni3wd/share/omni3wd
[1.060s] Invoked command in '/home/dev/ws_build/build/omni3wd' returned '0': DEBUGINFOD_URLS=https://debuginfod.ubuntu.com PYTHONPATH=/home/dev/ws_build/build/omni3wd/prefix_override:/usr/lib/python3/dist-packages/colcon_core/task/python/colcon_distutils_commands:/home/dev/ws_build/install/omni3wd/lib/python3.12/site-packages: _=/usr/bin/env /usr/bin/python3 -W ignore:setup.py install is deprecated -W ignore:easy_install command is deprecated setup.py develop --editable --build-directory /home/dev/ws_build/build/omni3wd/build --no-deps symlink_data
