[0.066s] [34mcolcon[0m [1;30mDEBUG[0m [32mCommand line arguments: ['/usr/bin/colcon', 'list', '--names-only'][0m
[0.066s] [34mcolcon[0m [1;30mDEBUG[0m [32mParsed command line arguments: Namespace(log_base=None, log_level=None, verb_name='list', build_base='build', ignore_user_meta=False, metas=['./colcon.meta'], base_paths=['.'], packages_ignore=None, packages_ignore_regex=None, paths=None, packages_up_to=None, packages_up_to_regex=None, packages_above=None, packages_above_and_dependencies=None, packages_above_depth=None, packages_select_by_dep=None, packages_skip_by_dep=None, packages_skip_up_to=None, packages_select_build_failed=False, packages_skip_build_finished=False, packages_select_test_failures=False, packages_skip_test_passed=False, packages_select=None, packages_skip=None, packages_select_regex=None, packages_skip_regex=None, packages_start=None, packages_end=None, allow_overriding=[], topological_order=False, names_only=True, paths_only=False, topological_graph=False, topological_graph_dot=False, topological_graph_density=False, topological_graph_legend=False, topological_graph_dot_cluster=False, topological_graph_dot_include_skipped=False, verb_parser=<colcon_defaults.argument_parser.defaults.DefaultArgumentsDecorator object at 0x77da670fb9e0>, verb_extension=<colcon_package_information.verb.list.ListVerb object at 0x77da672a8bf0>, main=<bound method ListVerb.main of <colcon_package_information.verb.list.ListVerb object at 0x77da672a8bf0>>)[0m
[0.086s] [34mcolcon.colcon_core.package_discovery[0m [1;30mLevel 1[0m discover_packages(colcon_meta) check parameters
[0.086s] [34mcolcon.colcon_core.package_discovery[0m [1;30mLevel 1[0m discover_packages(recursive) check parameters
[0.086s] [34mcolcon.colcon_core.package_discovery[0m [1;30mLevel 1[0m discover_packages(ignore) check parameters
[0.086s] [34mcolcon.colcon_core.package_discovery[0m [1;30mLevel 1[0m discover_packages(path) check parameters
[0.086s] [34mcolcon.colcon_core.package_discovery[0m [1;30mLevel 1[0m discover_packages(colcon_meta) discover
[0.086s] [34mcolcon.colcon_core.package_discovery[0m [1;30mLevel 1[0m discover_packages(recursive) discover
[0.086s] [34mcolcon.colcon_core.package_discovery[0m [1;30mINFO[0m Crawling recursively for packages in '/home/dev/ai_ws/ros'
[0.086s] [34mcolcon.colcon_core.package_identification[0m [1;30mLevel 1[0m _identify(.) by extensions ['ignore', 'ignore_ament_install']
[0.086s] [34mcolcon.colcon_core.package_identification[0m [1;30mLevel 1[0m _identify(.) by extension 'ignore'
[0.086s] [34mcolcon.colcon_core.package_identification[0m [1;30mLevel 1[0m _identify(.) by extension 'ignore_ament_install'
[0.086s] [34mcolcon.colcon_core.package_identification[0m [1;30mLevel 1[0m _identify(.) by extensions ['colcon_pkg']
[0.087s] [34mcolcon.colcon_core.package_identification[0m [1;30mLevel 1[0m _identify(.) by extension 'colcon_pkg'
[0.087s] [34mcolcon.colcon_core.package_identification[0m [1;30mLevel 1[0m _identify(.) by extensions ['colcon_meta']
[0.087s] [34mcolcon.colcon_core.package_identification[0m [1;30mLevel 1[0m _identify(.) by extension 'colcon_meta'
[0.087s] [34mcolcon.colcon_core.package_identification[0m [1;30mLevel 1[0m _identify(.) by extensions ['ros']
[0.087s] [34mcolcon.colcon_core.package_identification[0m [1;30mLevel 1[0m _identify(.) by extension 'ros'
[0.100s] [34mcolcon.colcon_core.package_identification[0m [1;30mLevel 1[0m _identify(.) by extensions ['cmake', 'python']
[0.100s] [34mcolcon.colcon_core.package_identification[0m [1;30mLevel 1[0m _identify(.) by extension 'cmake'
[0.100s] [34mcolcon.colcon_core.package_identification[0m [1;30mLevel 1[0m _identify(.) by extension 'python'
[0.100s] [34mcolcon.colcon_core.package_identification[0m [1;30mLevel 1[0m _identify(.) by extensions ['python_setup_py']
[0.100s] [34mcolcon.colcon_core.package_identification[0m [1;30mLevel 1[0m _identify(.) by extension 'python_setup_py'
[0.100s] [34mcolcon.colcon_core.package_identification[0m [1;30mLevel 1[0m _identify(log) by extensions ['ignore', 'ignore_ament_install']
[0.100s] [34mcolcon.colcon_core.package_identification[0m [1;30mLevel 1[0m _identify(log) by extension 'ignore'
[0.100s] [34mcolcon.colcon_core.package_identification[0m [1;30mLevel 1[0m _identify(log) ignored
[0.101s] [34mcolcon.colcon_core.package_identification[0m [1;30mLevel 1[0m _identify(omni3wd) by extensions ['ignore', 'ignore_ament_install']
[0.101s] [34mcolcon.colcon_core.package_identification[0m [1;30mLevel 1[0m _identify(omni3wd) by extension 'ignore'
[0.101s] [34mcolcon.colcon_core.package_identification[0m [1;30mLevel 1[0m _identify(omni3wd) by extension 'ignore_ament_install'
[0.101s] [34mcolcon.colcon_core.package_identification[0m [1;30mLevel 1[0m _identify(omni3wd) by extensions ['colcon_pkg']
[0.101s] [34mcolcon.colcon_core.package_identification[0m [1;30mLevel 1[0m _identify(omni3wd) by extension 'colcon_pkg'
[0.101s] [34mcolcon.colcon_core.package_identification[0m [1;30mLevel 1[0m _identify(omni3wd) by extensions ['colcon_meta']
[0.101s] [34mcolcon.colcon_core.package_identification[0m [1;30mLevel 1[0m _identify(omni3wd) by extension 'colcon_meta'
[0.101s] [34mcolcon.colcon_core.package_identification[0m [1;30mLevel 1[0m _identify(omni3wd) by extensions ['ros']
[0.101s] [34mcolcon.colcon_core.package_identification[0m [1;30mLevel 1[0m _identify(omni3wd) by extension 'ros'
[0.102s] [34mcolcon.colcon_core.package_identification[0m [1;30mDEBUG[0m [32mPackage 'omni3wd' with type 'ros.ament_python' and name 'omni3wd'[0m
[0.102s] [34mcolcon.colcon_core.package_identification[0m [1;30mLevel 1[0m _identify(omni3wd_navigation_stack) by extensions ['ignore', 'ignore_ament_install']
[0.102s] [34mcolcon.colcon_core.package_identification[0m [1;30mLevel 1[0m _identify(omni3wd_navigation_stack) by extension 'ignore'
[0.102s] [34mcolcon.colcon_core.package_identification[0m [1;30mLevel 1[0m _identify(omni3wd_navigation_stack) by extension 'ignore_ament_install'
[0.102s] [34mcolcon.colcon_core.package_identification[0m [1;30mLevel 1[0m _identify(omni3wd_navigation_stack) by extensions ['colcon_pkg']
[0.102s] [34mcolcon.colcon_core.package_identification[0m [1;30mLevel 1[0m _identify(omni3wd_navigation_stack) by extension 'colcon_pkg'
[0.102s] [34mcolcon.colcon_core.package_identification[0m [1;30mLevel 1[0m _identify(omni3wd_navigation_stack) by extensions ['colcon_meta']
[0.102s] [34mcolcon.colcon_core.package_identification[0m [1;30mLevel 1[0m _identify(omni3wd_navigation_stack) by extension 'colcon_meta'
[0.102s] [34mcolcon.colcon_core.package_identification[0m [1;30mLevel 1[0m _identify(omni3wd_navigation_stack) by extensions ['ros']
[0.102s] [34mcolcon.colcon_core.package_identification[0m [1;30mLevel 1[0m _identify(omni3wd_navigation_stack) by extension 'ros'
[0.103s] [34mcolcon.colcon_core.package_identification[0m [1;30mDEBUG[0m [32mPackage 'omni3wd_navigation_stack' with type 'ros.ament_python' and name 'omni3wd_navigation_stack'[0m
[0.103s] [34mcolcon.colcon_core.package_identification[0m [1;30mLevel 1[0m _identify(omni3wd_perception_stack) by extensions ['ignore', 'ignore_ament_install']
[0.103s] [34mcolcon.colcon_core.package_identification[0m [1;30mLevel 1[0m _identify(omni3wd_perception_stack) by extension 'ignore'
[0.103s] [34mcolcon.colcon_core.package_identification[0m [1;30mLevel 1[0m _identify(omni3wd_perception_stack) by extension 'ignore_ament_install'
[0.103s] [34mcolcon.colcon_core.package_identification[0m [1;30mLevel 1[0m _identify(omni3wd_perception_stack) by extensions ['colcon_pkg']
[0.103s] [34mcolcon.colcon_core.package_identification[0m [1;30mLevel 1[0m _identify(omni3wd_perception_stack) by extension 'colcon_pkg'
[0.103s] [34mcolcon.colcon_core.package_identification[0m [1;30mLevel 1[0m _identify(omni3wd_perception_stack) by extensions ['colcon_meta']
[0.103s] [34mcolcon.colcon_core.package_identification[0m [1;30mLevel 1[0m _identify(omni3wd_perception_stack) by extension 'colcon_meta'
[0.103s] [34mcolcon.colcon_core.package_identification[0m [1;30mLevel 1[0m _identify(omni3wd_perception_stack) by extensions ['ros']
[0.103s] [34mcolcon.colcon_core.package_identification[0m [1;30mLevel 1[0m _identify(omni3wd_perception_stack) by extension 'ros'
[0.103s] [34mcolcon.colcon_core.package_identification[0m [1;30mDEBUG[0m [32mPackage 'omni3wd_perception_stack' with type 'ros.ament_python' and name 'omni3wd_perception_stack'[0m
[0.103s] [34mcolcon.colcon_core.package_identification[0m [1;30mLevel 1[0m _identify(omni3wd_robot_description) by extensions ['ignore', 'ignore_ament_install']
[0.103s] [34mcolcon.colcon_core.package_identification[0m [1;30mLevel 1[0m _identify(omni3wd_robot_description) by extension 'ignore'
[0.103s] [34mcolcon.colcon_core.package_identification[0m [1;30mLevel 1[0m _identify(omni3wd_robot_description) by extension 'ignore_ament_install'
[0.103s] [34mcolcon.colcon_core.package_identification[0m [1;30mLevel 1[0m _identify(omni3wd_robot_description) by extensions ['colcon_pkg']
[0.103s] [34mcolcon.colcon_core.package_identification[0m [1;30mLevel 1[0m _identify(omni3wd_robot_description) by extension 'colcon_pkg'
[0.103s] [34mcolcon.colcon_core.package_identification[0m [1;30mLevel 1[0m _identify(omni3wd_robot_description) by extensions ['colcon_meta']
[0.103s] [34mcolcon.colcon_core.package_identification[0m [1;30mLevel 1[0m _identify(omni3wd_robot_description) by extension 'colcon_meta'
[0.103s] [34mcolcon.colcon_core.package_identification[0m [1;30mLevel 1[0m _identify(omni3wd_robot_description) by extensions ['ros']
[0.103s] [34mcolcon.colcon_core.package_identification[0m [1;30mLevel 1[0m _identify(omni3wd_robot_description) by extension 'ros'
[0.104s] [34mcolcon.colcon_core.package_identification[0m [1;30mDEBUG[0m [32mPackage 'omni3wd_robot_description' with type 'ros.ament_python' and name 'omni3wd_robot_description'[0m
[0.104s] [34mcolcon.colcon_core.package_discovery[0m [1;30mLevel 1[0m discover_packages(recursive) using defaults
[0.104s] [34mcolcon.colcon_core.package_discovery[0m [1;30mLevel 1[0m discover_packages(ignore) discover
[0.104s] [34mcolcon.colcon_core.package_discovery[0m [1;30mLevel 1[0m discover_packages(ignore) using defaults
[0.104s] [34mcolcon.colcon_core.package_discovery[0m [1;30mLevel 1[0m discover_packages(path) discover
[0.104s] [34mcolcon.colcon_core.package_discovery[0m [1;30mLevel 1[0m discover_packages(path) using defaults
